sidebar_sliders executed in 0.03 seconds at 2023-10-24 22:29:12
generate_wordcloud executed in 3.49 seconds at 2023-10-24 22:29:16
worcloud executed in 3.50 seconds at 2023-10-24 22:29:16
sidebar_sliders executed in 0.02 seconds at 2023-10-24 22:29:24
sidebar_sliders executed in 0.02 seconds at 2023-10-24 22:29:26
generate_wordcloud executed in 4.10 seconds at 2023-10-24 22:29:28
worcloud executed in 4.10 seconds at 2023-10-24 22:29:28
generate_wordcloud executed in 3.03 seconds at 2023-10-24 22:29:29
worcloud executed in 3.04 seconds at 2023-10-24 22:29:29
sidebar_sliders executed in 0.01 seconds at 2023-10-24 22:31:01
histo_recalls_per_month executed in 0.08 seconds at 2023-10-24 22:31:01
retours_par_marque executed in 0.06 seconds at 2023-10-24 22:31:01
pie_categorie executed in 0.06 seconds at 2023-10-24 22:31:01
sidebar_sliders executed in 0.01 seconds at 2023-10-24 22:31:02
histo_recalls_per_month executed in 0.04 seconds at 2023-10-24 22:31:02
retours_par_marque executed in 0.04 seconds at 2023-10-24 22:31:03
pie_categorie executed in 0.05 seconds at 2023-10-24 22:31:03
sidebar_sliders executed in 0.01 seconds at 2023-10-24 22:32:16
histo_recalls_per_month executed in 0.04 seconds at 2023-10-24 22:32:16
retours_par_marque executed in 0.06 seconds at 2023-10-24 22:32:16
pie_categorie executed in 0.06 seconds at 2023-10-24 22:32:16
sidebar_sliders executed in 0.02 seconds at 2023-10-24 22:33:50
histo_recalls_per_month executed in 0.04 seconds at 2023-10-24 22:33:50
retours_par_marque executed in 0.05 seconds at 2023-10-24 22:33:50
pie_categorie executed in 0.05 seconds at 2023-10-24 22:33:50
sidebar_sliders executed in 0.01 seconds at 2023-10-24 22:34:22
histo_recalls_per_month executed in 0.12 seconds at 2023-10-24 22:34:22
retours_par_marque executed in 0.05 seconds at 2023-10-24 22:34:22
pie_categorie executed in 0.06 seconds at 2023-10-24 22:34:22
sidebar_sliders executed in 0.02 seconds at 2023-10-24 22:38:43
histo_recalls_per_month executed in 0.04 seconds at 2023-10-24 22:38:43
retours_par_marque executed in 0.06 seconds at 2023-10-24 22:38:43
pie_categorie executed in 0.06 seconds at 2023-10-24 22:38:43
sidebar_sliders executed in 0.02 seconds at 2023-10-24 22:38:50
sidebar_sliders executed in 0.03 seconds at 2023-10-24 22:38:51
histo_recalls_per_month executed in 0.07 seconds at 2023-10-24 22:38:51
sidebar_sliders executed in 0.02 seconds at 2023-10-24 22:38:53
generate_wordcloud executed in 3.09 seconds at 2023-10-24 22:38:53
worcloud executed in 3.10 seconds at 2023-10-24 22:38:53
histo_recalls_per_month executed in 0.06 seconds at 2023-10-24 22:38:53
retours_par_marque executed in 0.18 seconds at 2023-10-24 22:38:53
pie_categorie executed in 0.12 seconds at 2023-10-24 22:38:53
sidebar_sliders executed in 0.01 seconds at 2023-10-24 22:41:00
histo_recalls_per_month executed in 0.03 seconds at 2023-10-24 22:41:00
retours_par_marque executed in 0.05 seconds at 2023-10-24 22:41:00
pie_categorie executed in 0.05 seconds at 2023-10-24 22:41:00
bar_sousCategories executed in 0.01 seconds at 2023-10-24 22:41:00
sidebar_sliders executed in 0.01 seconds at 2023-10-24 22:41:14
histo_recalls_per_month executed in 0.05 seconds at 2023-10-24 22:41:14
retours_par_marque executed in 0.06 seconds at 2023-10-24 22:41:14
pie_categorie executed in 0.07 seconds at 2023-10-24 22:41:14
bar_sousCategories executed in 0.00 seconds at 2023-10-24 22:41:14
sidebar_sliders executed in 0.02 seconds at 2023-10-24 22:44:05
histo_recalls_per_month executed in 0.04 seconds at 2023-10-24 22:44:05
retours_par_marque executed in 0.05 seconds at 2023-10-24 22:44:05
pie_categorie executed in 0.07 seconds at 2023-10-24 22:44:05
bar_sousCategories executed in 0.01 seconds at 2023-10-24 22:44:05
sidebar_sliders executed in 0.01 seconds at 2023-10-24 22:44:27
histo_recalls_per_month executed in 0.11 seconds at 2023-10-24 22:44:27
retours_par_marque executed in 0.05 seconds at 2023-10-24 22:44:27
pie_categorie executed in 0.05 seconds at 2023-10-24 22:44:27
bar_sousCategories executed in 0.01 seconds at 2023-10-24 22:44:27
sidebar_sliders executed in 0.01 seconds at 2023-10-24 22:48:33
histo_recalls_per_month executed in 0.04 seconds at 2023-10-24 22:48:33
retours_par_marque executed in 0.05 seconds at 2023-10-24 22:48:33
pie_categorie executed in 0.06 seconds at 2023-10-24 22:48:33
bar_sousCategories executed in 0.01 seconds at 2023-10-24 22:48:34
sidebar_sliders executed in 0.01 seconds at 2023-10-24 22:50:50
histo_recalls_per_month executed in 0.04 seconds at 2023-10-24 22:50:50
retours_par_marque executed in 0.04 seconds at 2023-10-24 22:50:50
pie_categorie executed in 0.05 seconds at 2023-10-24 22:50:50
sidebar_sliders executed in 0.01 seconds at 2023-10-24 23:03:28
histo_recalls_per_month executed in 0.04 seconds at 2023-10-24 23:03:28
retours_par_marque executed in 0.04 seconds at 2023-10-24 23:03:28
pie_categorie executed in 0.06 seconds at 2023-10-24 23:03:29
bar_sousCategories executed in 0.03 seconds at 2023-10-24 23:03:29
