generate_wordcloud executed in 3.55 seconds at 2023-10-25 19:54:09
visu_images executed in 0.02 seconds at 2023-10-25 19:54:09
visu_images executed in 0.02 seconds at 2023-10-25 19:54:20
histo_recalls_per_month executed in 0.16 seconds at 2023-10-25 19:54:20
retours_par_marque executed in 0.09 seconds at 2023-10-25 19:54:20
pie_categorie executed in 0.09 seconds at 2023-10-25 19:54:20
visu_images executed in 0.02 seconds at 2023-10-25 19:54:22
histo_recalls_per_month executed in 0.07 seconds at 2023-10-25 19:54:22
retours_par_marque executed in 0.08 seconds at 2023-10-25 19:54:22
pie_categorie executed in 0.08 seconds at 2023-10-25 19:54:22
visu_images executed in 0.02 seconds at 2023-10-25 19:54:24
histo_recalls_per_month executed in 0.07 seconds at 2023-10-25 19:54:24
retours_par_marque executed in 0.09 seconds at 2023-10-25 19:54:24
pie_categorie executed in 0.10 seconds at 2023-10-25 19:54:24
visu_images executed in 0.02 seconds at 2023-10-25 19:54:28
histo_recalls_per_month executed in 0.07 seconds at 2023-10-25 19:54:28
retours_par_marque executed in 0.07 seconds at 2023-10-25 19:54:28
pie_categorie executed in 0.07 seconds at 2023-10-25 19:54:29
visu_images executed in 0.03 seconds at 2023-10-25 19:54:30
histo_recalls_per_month executed in 0.06 seconds at 2023-10-25 19:54:30
retours_par_marque executed in 0.07 seconds at 2023-10-25 19:54:30
pie_categorie executed in 0.05 seconds at 2023-10-25 19:54:30
visu_images executed in 0.01 seconds at 2023-10-25 19:54:40
histo_recalls_per_month executed in 0.07 seconds at 2023-10-25 19:54:40
retours_par_marque executed in 0.07 seconds at 2023-10-25 19:54:41
pie_categorie executed in 0.07 seconds at 2023-10-25 19:54:41
visu_images executed in 0.02 seconds at 2023-10-25 19:54:42
histo_recalls_per_month executed in 0.05 seconds at 2023-10-25 19:54:42
retours_par_marque executed in 0.07 seconds at 2023-10-25 19:54:42
pie_categorie executed in 0.07 seconds at 2023-10-25 19:54:42
visu_images executed in 0.01 seconds at 2023-10-25 19:54:43
histo_recalls_per_month executed in 0.07 seconds at 2023-10-25 19:54:43
retours_par_marque executed in 0.08 seconds at 2023-10-25 19:54:43
pie_categorie executed in 0.08 seconds at 2023-10-25 19:54:43
visu_images executed in 0.01 seconds at 2023-10-25 19:54:44
histo_recalls_per_month executed in 0.05 seconds at 2023-10-25 19:54:44
retours_par_marque executed in 0.06 seconds at 2023-10-25 19:54:44
pie_categorie executed in 0.06 seconds at 2023-10-25 19:54:44
visu_images executed in 0.02 seconds at 2023-10-25 19:54:46
histo_recalls_per_month executed in 0.06 seconds at 2023-10-25 19:54:46
retours_par_marque executed in 0.08 seconds at 2023-10-25 19:54:46
pie_categorie executed in 0.06 seconds at 2023-10-25 19:54:46
visu_images executed in 0.01 seconds at 2023-10-25 19:54:47
histo_recalls_per_month executed in 0.06 seconds at 2023-10-25 19:54:47
retours_par_marque executed in 0.07 seconds at 2023-10-25 19:54:47
pie_categorie executed in 0.06 seconds at 2023-10-25 19:54:47
visu_images executed in 0.02 seconds at 2023-10-25 19:54:49
histo_recalls_per_month executed in 0.06 seconds at 2023-10-25 19:54:49
retours_par_marque executed in 0.07 seconds at 2023-10-25 19:54:49
pie_categorie executed in 0.06 seconds at 2023-10-25 19:54:49
visu_images executed in 0.01 seconds at 2023-10-25 19:54:50
histo_recalls_per_month executed in 0.05 seconds at 2023-10-25 19:54:50
retours_par_marque executed in 0.06 seconds at 2023-10-25 19:54:50
pie_categorie executed in 0.06 seconds at 2023-10-25 19:54:50
visu_images executed in 0.02 seconds at 2023-10-25 19:54:51
histo_recalls_per_month executed in 0.06 seconds at 2023-10-25 19:54:51
retours_par_marque executed in 0.06 seconds at 2023-10-25 19:54:51
pie_categorie executed in 0.06 seconds at 2023-10-25 19:54:51
visu_images executed in 0.02 seconds at 2023-10-25 19:54:52
histo_recalls_per_month executed in 0.07 seconds at 2023-10-25 19:54:52
retours_par_marque executed in 0.07 seconds at 2023-10-25 19:54:52
pie_categorie executed in 0.07 seconds at 2023-10-25 19:54:52
visu_images executed in 0.02 seconds at 2023-10-25 19:54:54
histo_recalls_per_month executed in 0.05 seconds at 2023-10-25 19:54:54
retours_par_marque executed in 0.07 seconds at 2023-10-25 19:54:54
pie_categorie executed in 0.06 seconds at 2023-10-25 19:54:55
visu_images executed in 0.03 seconds at 2023-10-25 19:55:01
histo_recalls_per_month executed in 0.06 seconds at 2023-10-25 19:55:01
retours_par_marque executed in 0.07 seconds at 2023-10-25 19:55:01
pie_categorie executed in 0.06 seconds at 2023-10-25 19:55:01
visu_images executed in 0.01 seconds at 2023-10-25 19:55:05
histo_recalls_per_month executed in 0.06 seconds at 2023-10-25 19:55:05
retours_par_marque executed in 0.09 seconds at 2023-10-25 19:55:05
pie_categorie executed in 0.06 seconds at 2023-10-25 19:55:05
visu_images executed in 0.01 seconds at 2023-10-25 19:55:06
histo_recalls_per_month executed in 0.06 seconds at 2023-10-25 19:55:06
retours_par_marque executed in 0.07 seconds at 2023-10-25 19:55:06
pie_categorie executed in 0.06 seconds at 2023-10-25 19:55:06
visu_images executed in 0.02 seconds at 2023-10-25 19:55:09
histo_recalls_per_month executed in 0.05 seconds at 2023-10-25 19:55:09
retours_par_marque executed in 0.08 seconds at 2023-10-25 19:55:09
pie_categorie executed in 0.06 seconds at 2023-10-25 19:55:09
visu_images executed in 0.01 seconds at 2023-10-25 19:55:10
histo_recalls_per_month executed in 0.06 seconds at 2023-10-25 19:55:10
retours_par_marque executed in 0.07 seconds at 2023-10-25 19:55:10
pie_categorie executed in 0.07 seconds at 2023-10-25 19:55:10
visu_images executed in 0.01 seconds at 2023-10-25 19:55:11
histo_recalls_per_month executed in 0.06 seconds at 2023-10-25 19:55:11
retours_par_marque executed in 0.07 seconds at 2023-10-25 19:55:12
pie_categorie executed in 0.06 seconds at 2023-10-25 19:55:12
visu_images executed in 0.03 seconds at 2023-10-25 19:55:14
histo_recalls_per_month executed in 0.06 seconds at 2023-10-25 19:55:14
retours_par_marque executed in 0.07 seconds at 2023-10-25 19:55:14
pie_categorie executed in 0.09 seconds at 2023-10-25 19:55:14
visu_images executed in 0.02 seconds at 2023-10-25 19:55:20
histo_recalls_per_month executed in 0.08 seconds at 2023-10-25 19:55:20
retours_par_marque executed in 0.10 seconds at 2023-10-25 19:55:20
bar_sousCategories executed in 0.10 seconds at 2023-10-25 19:55:21
generate_wordcloud executed in 4.59 seconds at 2023-10-25 19:55:28
generate_wordcloud executed in 3.71 seconds at 2023-10-25 19:55:29
visu_images executed in 0.01 seconds at 2023-10-25 19:55:30
visu_images executed in 0.02 seconds at 2023-10-25 19:55:31
histo_recalls_per_month executed in 0.07 seconds at 2023-10-25 19:55:31
retours_par_marque executed in 0.06 seconds at 2023-10-25 19:55:31
pie_categorie executed in 0.06 seconds at 2023-10-25 19:55:31
visu_images executed in 0.06 seconds at 2023-10-25 19:55:44
histo_recalls_per_month executed in 0.13 seconds at 2023-10-25 19:55:44
retours_par_marque executed in 0.16 seconds at 2023-10-25 19:55:44
pie_categorie executed in 0.13 seconds at 2023-10-25 19:55:44
generate_wordcloud executed in 4.73 seconds at 2023-10-25 19:55:47
visu_images executed in 0.02 seconds at 2023-10-25 19:55:48
histo_recalls_per_month executed in 0.08 seconds at 2023-10-25 19:55:49
retours_par_marque executed in 0.08 seconds at 2023-10-25 19:55:49
bar_sousCategories executed in 0.09 seconds at 2023-10-25 19:55:49
generate_wordcloud executed in 2.85 seconds at 2023-10-25 19:56:17
visu_images executed in 0.02 seconds at 2023-10-25 19:56:17
generate_wordcloud executed in 2.86 seconds at 2023-10-25 19:56:21
visu_images executed in 0.01 seconds at 2023-10-25 19:56:21
generate_wordcloud executed in 2.57 seconds at 2023-10-25 19:56:32
visu_images executed in 0.01 seconds at 2023-10-25 19:56:32
generate_wordcloud executed in 3.03 seconds at 2023-10-25 19:56:39
visu_images executed in 0.01 seconds at 2023-10-25 19:56:39
visu_images executed in 0.02 seconds at 2023-10-25 19:56:55
histo_recalls_per_month executed in 0.05 seconds at 2023-10-25 19:56:55
retours_par_marque executed in 0.07 seconds at 2023-10-25 19:56:56
pie_categorie executed in 0.06 seconds at 2023-10-25 19:56:56
generate_wordcloud executed in 2.87 seconds at 2023-10-25 19:57:23
visu_images executed in 0.02 seconds at 2023-10-25 19:57:23
visu_images executed in 0.04 seconds at 2023-10-25 19:57:28
histo_recalls_per_month executed in 0.08 seconds at 2023-10-25 19:57:28
retours_par_marque executed in 0.11 seconds at 2023-10-25 19:57:28
pie_categorie executed in 0.11 seconds at 2023-10-25 19:57:29
visu_images executed in 0.04 seconds at 2023-10-25 20:01:59
histo_recalls_per_month executed in 0.06 seconds at 2023-10-25 20:01:59
retours_par_marque executed in 0.09 seconds at 2023-10-25 20:01:59
pie_categorie executed in 0.08 seconds at 2023-10-25 20:01:59
visu_images executed in 0.03 seconds at 2023-10-25 20:02:05
histo_recalls_per_month executed in 0.07 seconds at 2023-10-25 20:02:05
retours_par_marque executed in 0.08 seconds at 2023-10-25 20:02:05
pie_categorie executed in 0.08 seconds at 2023-10-25 20:02:05
visu_images executed in 0.02 seconds at 2023-10-25 20:02:07
histo_recalls_per_month executed in 0.06 seconds at 2023-10-25 20:02:07
retours_par_marque executed in 0.07 seconds at 2023-10-25 20:02:07
bar_sousCategories executed in 0.06 seconds at 2023-10-25 20:02:07
generate_wordcloud executed in 4.32 seconds at 2023-10-25 20:02:24
generate_wordcloud executed in 4.68 seconds at 2023-10-25 20:02:27
generate_wordcloud executed in 3.14 seconds at 2023-10-25 20:02:28
visu_images executed in 0.01 seconds at 2023-10-25 20:02:28
generate_wordcloud executed in 2.62 seconds at 2023-10-25 20:02:46
visu_images executed in 0.01 seconds at 2023-10-25 20:02:46
generate_wordcloud executed in 2.59 seconds at 2023-10-25 20:02:58
visu_images executed in 0.02 seconds at 2023-10-25 20:02:58
generate_wordcloud executed in 2.50 seconds at 2023-10-25 20:03:02
visu_images executed in 0.01 seconds at 2023-10-25 20:03:02
generate_wordcloud executed in 2.56 seconds at 2023-10-25 20:03:14
visu_images executed in 0.02 seconds at 2023-10-25 20:03:14
generate_wordcloud executed in 1.16 seconds at 2023-10-25 20:03:25
visu_images executed in 0.02 seconds at 2023-10-25 20:03:25
generate_wordcloud executed in 3.55 seconds at 2023-10-25 20:03:26
generate_wordcloud executed in 1.05 seconds at 2023-10-25 20:03:30
visu_images executed in 0.01 seconds at 2023-10-25 20:03:30
generate_wordcloud executed in 0.98 seconds at 2023-10-25 20:03:40
visu_images executed in 0.01 seconds at 2023-10-25 20:03:40
generate_wordcloud executed in 0.96 seconds at 2023-10-25 20:03:43
visu_images executed in 0.02 seconds at 2023-10-25 20:03:43
generate_wordcloud executed in 2.54 seconds at 2023-10-25 20:03:49
visu_images executed in 0.01 seconds at 2023-10-25 20:03:49
generate_wordcloud executed in 2.72 seconds at 2023-10-25 20:04:01
visu_images executed in 0.02 seconds at 2023-10-25 20:04:02
generate_wordcloud executed in 3.08 seconds at 2023-10-25 20:04:06
visu_images executed in 0.02 seconds at 2023-10-25 20:04:06
generate_wordcloud executed in 3.07 seconds at 2023-10-25 20:04:17
visu_images executed in 0.01 seconds at 2023-10-25 20:04:17
generate_wordcloud executed in 3.00 seconds at 2023-10-25 20:04:26
visu_images executed in 0.02 seconds at 2023-10-25 20:04:26
visu_images executed in 0.02 seconds at 2023-10-25 20:04:34
histo_recalls_per_month executed in 0.06 seconds at 2023-10-25 20:04:34
retours_par_marque executed in 0.07 seconds at 2023-10-25 20:04:34
pie_categorie executed in 0.06 seconds at 2023-10-25 20:04:34
visu_images executed in 0.03 seconds at 2023-10-25 20:04:40
histo_recalls_per_month executed in 0.08 seconds at 2023-10-25 20:04:40
retours_par_marque executed in 0.08 seconds at 2023-10-25 20:04:40
pie_categorie executed in 0.06 seconds at 2023-10-25 20:04:40
visu_images executed in 0.01 seconds at 2023-10-25 20:05:41
histo_recalls_per_month executed in 0.06 seconds at 2023-10-25 20:05:41
retours_par_marque executed in 0.07 seconds at 2023-10-25 20:05:41
bar_sousCategories executed in 0.08 seconds at 2023-10-25 20:05:41
